[2023-10-28 18:33:37:585 ] [32m[main][0;39m [34mINFO [0;39m [1;37m[org.springframework.boot.StartupInfoLogger.logStarting:[33m51[0;39m][0;39m - Starting Slf4jPocApplication using Java 17.0.2 with PID 14144 (C:\Users\ur2ku\OneDrive\바탕 화면\WORKSPACE\liberty52\slf4j-POC\build\classes\java\main started by ur2ku in C:\Users\ur2ku\OneDrive\바탕 화면\WORKSPACE\liberty52\slf4j-POC)
[2023-10-28 18:33:37:587 ] [32m[main][0;39m [34mINFO [0;39m [1;37m[org.springframework.boot.SpringApplication.logStartupProfileInfo:[33m644[0;39m][0;39m - The following 1 profile is active: "prod"
[2023-10-28 18:33:38:1183] [32m[main][0;39m [34mINFO [0;39m [1;37m[org.springframework.data.repository.config.RepositoryConfigurationDelegate.registerRepositoriesIn:[33m138[0;39m][0;39m - Bootstrapping Spring Data JPA repositories in DEFAULT mode.
[2023-10-28 18:33:38:1225] [32m[main][0;39m [34mINFO [0;39m [1;37m[org.springframework.data.repository.config.RepositoryConfigurationDelegate.registerRepositoriesIn:[33m208[0;39m][0;39m - Finished Spring Data repository scanning in 37 ms. Found 2 JPA repository interfaces.
[2023-10-28 18:33:38:1629] [32m[main][0;39m [34mINFO [0;39m [1;37m[org.springframework.boot.web.embedded.tomcat.TomcatWebServer.initialize:[33m108[0;39m][0;39m - Tomcat initialized with port(s): 8080 (http)
[2023-10-28 18:33:38:1637] [32m[main][0;39m [34mINFO [0;39m [1;37m[org.apache.juli.logging.DirectJDKLog.log:[33m173[0;39m][0;39m - Initializing ProtocolHandler ["http-nio-8080"]
[2023-10-28 18:33:38:1639] [32m[main][0;39m [34mINFO [0;39m [1;37m[org.apache.juli.logging.DirectJDKLog.log:[33m173[0;39m][0;39m - Starting service [Tomcat]
[2023-10-28 18:33:38:1639] [32m[main][0;39m [34mINFO [0;39m [1;37m[org.apache.juli.logging.DirectJDKLog.log:[33m173[0;39m][0;39m - Starting Servlet engine: [Apache Tomcat/10.1.15]
[2023-10-28 18:33:38:1734] [32m[main][0;39m [34mINFO [0;39m [1;37m[org.apache.juli.logging.DirectJDKLog.log:[33m173[0;39m][0;39m - Initializing Spring embedded WebApplicationContext
[2023-10-28 18:33:38:1734] [32m[main][0;39m [34mINFO [0;39m [1;37m[org.springframework.boot.web.servlet.context.ServletWebServerApplicationContext.prepareWebApplicationContext:[33m291[0;39m][0;39m - Root WebApplicationContext: initialization completed in 1110 ms
[2023-10-28 18:33:38:1764] [32m[main][0;39m [34mINFO [0;39m [1;37m[com.zaxxer.hikari.HikariDataSource.getConnection:[33m110[0;39m][0;39m - HikariPool-1 - Starting...
[2023-10-28 18:33:38:1937] [32m[main][0;39m [34mINFO [0;39m [1;37m[com.zaxxer.hikari.pool.HikariPool.checkFailFast:[33m565[0;39m][0;39m - HikariPool-1 - Added connection conn0: url=jdbc:h2:mem:localdb user=SA
[2023-10-28 18:33:38:1938] [32m[main][0;39m [34mINFO [0;39m [1;37m[com.zaxxer.hikari.HikariDataSource.getConnection:[33m123[0;39m][0;39m - HikariPool-1 - Start completed.
[2023-10-28 18:33:38:1947] [32m[main][0;39m [34mINFO [0;39m [1;37m[org.springframework.boot.autoconfigure.h2.H2ConsoleAutoConfiguration.logDataSources:[33m88[0;39m][0;39m - H2 console available at '/h2-console'. Database available at 'jdbc:h2:mem:localdb'
[2023-10-28 18:33:39:2052] [32m[main][0;39m [34mINFO [0;39m [1;37m[org.hibernate.jpa.internal.util.LogHelper.logPersistenceUnitInformation:[33m31[0;39m][0;39m - HHH000204: Processing PersistenceUnitInfo [name: default]
[2023-10-28 18:33:39:2101] [32m[main][0;39m [34mINFO [0;39m [1;37m[org.hibernate.Version.logVersion:[33m44[0;39m][0;39m - HHH000412: Hibernate ORM core version 6.2.13.Final
[2023-10-28 18:33:39:2103] [32m[main][0;39m [34mINFO [0;39m [1;37m[org.hibernate.cfg.Environment.<clinit>:[33m191[0;39m][0;39m - HHH000406: Using bytecode reflection optimizer
[2023-10-28 18:33:39:2323] [32m[main][0;39m [34mINFO [0;39m [1;37m[org.springframework.orm.jpa.persistenceunit.SpringPersistenceUnitInfo.addTransformer:[33m87[0;39m][0;39m - No LoadTimeWeaver setup: ignoring JPA class transformer
[2023-10-28 18:33:40:3074] [32m[main][0;39m [34mINFO [0;39m [1;37m[org.hibernate.engine.transaction.jta.platform.internal.JtaPlatformInitiator.initiateService:[33m55[0;39m][0;39m - HHH000489: No JTA platform available (set 'hibernate.transaction.jta.platform' to enable JTA platform integration)
[2023-10-28 18:33:40:3111] [32m[main][0;39m [34mINFO [0;39m [1;37m[org.springframework.orm.jpa.AbstractEntityManagerFactoryBean.buildNativeEntityManagerFactory:[33m437[0;39m][0;39m - Initialized JPA EntityManagerFactory for persistence unit 'default'
[2023-10-28 18:33:40:3781] [32m[main][0;39m [34mINFO [0;39m [1;37m[org.apache.juli.logging.DirectJDKLog.log:[33m173[0;39m][0;39m - Starting ProtocolHandler ["http-nio-8080"]
[2023-10-28 18:33:40:3799] [32m[main][0;39m [34mINFO [0;39m [1;37m[org.springframework.boot.web.embedded.tomcat.TomcatWebServer.start:[33m220[0;39m][0;39m - Tomcat started on port(s): 8080 (http) with context path ''
[2023-10-28 18:33:40:3807] [32m[main][0;39m [34mINFO [0;39m [1;37m[org.springframework.boot.StartupInfoLogger.logStarted:[33m57[0;39m][0;39m - Started Slf4jPocApplication in 3.695 seconds (process running for 4.24)
[2023-10-28 18:34:59:82950] [32m[http-nio-8080-exec-1][0;39m [34mINFO [0;39m [1;37m[org.apache.juli.logging.DirectJDKLog.log:[33m173[0;39m][0;39m - Initializing Spring DispatcherServlet 'dispatcherServlet'
[2023-10-28 18:34:59:82950] [32m[http-nio-8080-exec-1][0;39m [34mINFO [0;39m [1;37m[org.springframework.web.servlet.FrameworkServlet.initServletBean:[33m532[0;39m][0;39m - Initializing Servlet 'dispatcherServlet'
[2023-10-28 18:34:59:82951] [32m[http-nio-8080-exec-1][0;39m [34mINFO [0;39m [1;37m[org.springframework.web.servlet.FrameworkServlet.initServletBean:[33m554[0;39m][0;39m - Completed initialization in 1 ms
[2023-10-28 18:35:37:120759] [32m[SpringApplicationShutdownHook][0;39m [34mINFO [0;39m [1;37m[org.springframework.orm.jpa.AbstractEntityManagerFactoryBean.destroy:[33m650[0;39m][0;39m - Closing JPA EntityManagerFactory for persistence unit 'default'
[2023-10-28 18:35:37:120764] [32m[SpringApplicationShutdownHook][0;39m [34mINFO [0;39m [1;37m[com.zaxxer.hikari.HikariDataSource.close:[33m350[0;39m][0;39m - HikariPool-1 - Shutdown initiated...
[2023-10-28 18:35:37:120765] [32m[SpringApplicationShutdownHook][0;39m [34mINFO [0;39m [1;37m[com.zaxxer.hikari.HikariDataSource.close:[33m352[0;39m][0;39m - HikariPool-1 - Shutdown completed.
